This is pdfTeX, Version 3.141592653-2.6-1.40.25 (TeX Live 2023) (preloaded format=pdflatex 2024.2.16)  26 FEB 2024 17:04
entering extended mode
 restricted \write18 enabled.
 file:line:error style messages enabled.
 %&-line parsing enabled.
**"/Users/carlosperezaranda/Library/CloudStorage/GoogleDrive-cg.perezaranda@gmail.com/Mi unidad/Universidad/23-24/2°Cuatrimestre/401-Proyectos-y-Legislacion/Proyectos y Legislacion.tex"
(/Users/carlosperezaranda/Library/CloudStorage/GoogleDrive-cg.perezaranda@gmail.com/Mi unidad/Universidad/23-24/2°Cuatrimestre/401-Proyectos-y-Legislacion/Proyectos y Legislacion.tex
LaTeX2e <2022-11-01> patch level 1
L3 programming layer <2023-02-22> (/usr/local/texlive/2023/texmf-dist/tex/latex/base/article.cls
Document Class: article 2022/07/02 v1.4n Standard LaTeX document class
(/usr/local/texlive/2023/texmf-dist/tex/latex/base/size12.clo
File: size12.clo 2022/07/02 v1.4n Standard LaTeX file (size option)
)
\c@part=\count185
\c@section=\count186
\c@subsection=\count187
\c@subsubsection=\count188
\c@paragraph=\count189
\c@subparagraph=\count190
\c@figure=\count191
\c@table=\count192
\abovecaptionskip=\skip48
\belowcaptionskip=\skip49
\bibindent=\dimen140
) (/usr/local/texlive/2023/texmf-dist/tex/latex/base/inputenc.sty
Package: inputenc 2021/02/14 v1.3d Input encoding file
\inpenc@prehook=\toks16
\inpenc@posthook=\toks17
) (/usr/local/texlive/2023/texmf-dist/tex/latex/graphics/color.sty
Package: color 2022/01/06 v1.3d Standard LaTeX Color (DPC)
 (/usr/local/texlive/2023/texmf-dist/tex/latex/graphics-cfg/color.cfg
File: color.cfg 2016/01/02 v1.6 sample color configuration
)
Package color Info: Driver file: pdftex.def on input line 149.
 (/usr/local/texlive/2023/texmf-dist/tex/latex/graphics-def/pdftex.def
File: pdftex.def 2022/09/22 v1.2b Graphics/color driver for pdftex
) (/usr/local/texlive/2023/texmf-dist/tex/latex/graphics/mathcolor.ltx)) (/usr/local/texlive/2023/texmf-dist/tex/latex/l3backend/l3backend-pdftex.def
File: l3backend-pdftex.def 2023-01-16 L3 backend support: PDF output (pdfTeX)
\l__color_backend_stack_int=\count193
\l__pdf_internal_box=\box51
)

LaTeX Warning: Unused global option(s):
    [spanish].

(./Proyectos y Legislacion.aux)
\openout1 = `"Proyectos y Legislacion.aux"'.

LaTeX Font Info:    Checking defaults for OML/cmm/m/it on input line 5.
LaTeX Font Info:    ... okay on input line 5.
LaTeX Font Info:    Checking defaults for OMS/cmsy/m/n on input line 5.
LaTeX Font Info:    ... okay on input line 5.
LaTeX Font Info:    Checking defaults for OT1/cmr/m/n on input line 5.
LaTeX Font Info:    ... okay on input line 5.
LaTeX Font Info:    Checking defaults for T1/cmr/m/n on input line 5.
LaTeX Font Info:    ... okay on input line 5.
LaTeX Font Info:    Checking defaults for TS1/cmr/m/n on input line 5.
LaTeX Font Info:    ... okay on input line 5.
LaTeX Font Info:    Checking defaults for OMX/cmex/m/n on input line 5.
LaTeX Font Info:    ... okay on input line 5.
LaTeX Font Info:    Checking defaults for U/cmr/m/n on input line 5.
LaTeX Font Info:    ... okay on input line 5.
 (/usr/local/texlive/2023/texmf-dist/tex/context/base/mkii/supp-pdf.mkii
[Loading MPS to PDF converter (version 2006.09.02).]
\scratchcounter=\count194
\scratchdimen=\dimen141
\scratchbox=\box52
\nofMPsegments=\count195
\nofMParguments=\count196
\everyMPshowfont=\toks18
\MPscratchCnt=\count197
\MPscratchDim=\dimen142
\MPnumerator=\count198
\makeMPintoPDFobject=\count199
\everyMPtoPDFconversion=\toks19
)
LaTeX Font Info:    External font `cmex10' loaded for size
(Font)              <14.4> on input line 12.
LaTeX Font Info:    External font `cmex10' loaded for size
(Font)              <7> on input line 12.

Underfull \hbox (badness 10000) in paragraph at lines 12--13

 []


Underfull \hbox (badness 10000) in paragraph at lines 41--42

 []

[1

{/usr/local/texlive/2023/texmf-var/fonts/map/pdftex/updmap/pdftex.map}{/usr/local/texlive/2023/texmf-dist/fonts/enc/dvips/cm-super/cm-super-ts1.enc}]
Underfull \hbox (badness 10000) in paragraph at lines 44--46

 []


Underfull \hbox (badness 10000) in paragraph at lines 50--51

 []


Underfull \hbox (badness 10000) in paragraph at lines 52--54

 []


Underfull \hbox (badness 10000) in paragraph at lines 55--57

 []


Underfull \hbox (badness 10000) in paragraph at lines 70--74

 []


Underfull \hbox (badness 10000) in paragraph at lines 75--77

 []


Underfull \hbox (badness 10000) in paragraph at lines 79--81

 []

[2]
Underfull \hbox (badness 10000) in paragraph at lines 83--85

 []


Underfull \hbox (badness 10000) in paragraph at lines 90--95

 []


Underfull \hbox (badness 10000) in paragraph at lines 96--100

 []


Underfull \hbox (badness 10000) in paragraph at lines 101--104

 []


Overfull \hbox (10.35477pt too wide) in paragraph at lines 112--113
[]\OT1/cmr/m/n/12 Hay cat-e-gor^^S^^Pas \OT1/cmr/bx/n/12 es-pe-ciales \OT1/cmr/m/n/12 de datos per-son-ales que re-quieren un tratamiento
 []


Underfull \hbox (badness 10000) in paragraph at lines 112--113

 []

[3]
Underfull \hbox (badness 10000) in paragraph at lines 122--123

 []


Underfull \hbox (badness 10000) in paragraph at lines 124--130

 []


Underfull \hbox (badness 10000) in paragraph at lines 131--135

 []

[4]
Underfull \hbox (badness 10000) in paragraph at lines 144--145

 []


Underfull \hbox (badness 10000) in paragraph at lines 151--152

 []

[5] [6]
Underfull \hbox (badness 10000) in paragraph at lines 206--207

 []

[7] [8] [9] [10] [11] (./Proyectos y Legislacion.aux) ) 
Here is how much of TeX's memory you used:
 1050 strings out of 476025
 18021 string characters out of 5790017
 1858388 words of memory out of 5000000
 21553 multiletter control sequences out of 15000+600000
 516042 words of font info for 44 fonts, out of 8000000 for 9000
 1141 hyphenation exceptions out of 8191
 34i,7n,40p,904b,205s stack positions out of 10000i,1000n,20000p,200000b,200000s
</usr/local/texlive/2023/texmf-dist/fonts/type1/public/amsfonts/cm/cmbx12.pfb></usr/local/texlive/2023/texmf-dist/fonts/type1/public/amsfonts/cm/cmr12.pfb></usr/local/texlive/2023/texmf-dist/fonts/type1/public/amsfonts/cm/cmr17.pfb></usr/local/texlive/2023/texmf-dist/fonts/type1/public/amsfonts/cm/cmti12.pfb></usr/local/texlive/2023/texmf-dist/fonts/type1/public/cm-super/sfbx1200.pfb></usr/local/texlive/2023/texmf-dist/fonts/type1/public/cm-super/sfrm1200.pfb>
Output written on "Proyectos y Legislacion.pdf" (11 pages, 93232 bytes).
PDF statistics:
 71 PDF objects out of 1000 (max. 8388607)
 45 compressed objects within 1 object stream
 0 named destinations out of 1000 (max. 500000)
 1 words of extra memory for PDF output out of 10000 (max. 10000000)

